[debug] [2021-10-03T16:14:21.630Z] ----------------------------------------------------------------------
[debug] [2021-10-03T16:14:21.633Z] Command:       C:\Program Files\nodejs\node.exe C:\Users\trinm\AppData\Roaming\npm\node_modules\firebase-tools\lib\bin\firebase.js deploy
[debug] [2021-10-03T16:14:21.633Z] CLI Version:   9.19.0
[debug] [2021-10-03T16:14:21.633Z] Platform:      win32
[debug] [2021-10-03T16:14:21.633Z] Node Version:  v14.17.6
[debug] [2021-10-03T16:14:21.634Z] Time:          Sun Oct 03 2021 23:14:21 GMT+0700 (Indochina Time)
[debug] [2021-10-03T16:14:21.634Z] ----------------------------------------------------------------------
[debug] 
[debug] [2021-10-03T16:14:21.707Z] > command requires scopes: ["email","openid","https://www.googleapis.com/auth/cloudplatformprojects.readonly","https://www.googleapis.com/auth/firebase","https://www.googleapis.com/auth/cloud-platform"]
[debug] [2021-10-03T16:14:21.707Z] > authorizing via signed-in user (trinmse140981@fpt.edu.vn)
[debug] [2021-10-03T16:14:21.707Z] [iam] checking project pimo-fe for permissions ["firebase.projects.get","firebasehosting.sites.update"]
[debug] [2021-10-03T16:14:21.709Z] > refreshing access token with scopes: ["email","https://www.googleapis.com/auth/cloud-platform","https://www.googleapis.com/auth/cloudplatformprojects.readonly","https://www.googleapis.com/auth/firebase","openid"]
[debug] [2021-10-03T16:14:21.709Z] >>> HTTP REQUEST POST https://www.googleapis.com/oauth2/v3/token  
 <request body omitted>
[debug] [2021-10-03T16:14:21.952Z] <<< HTTP RESPONSE 200 {"pragma":"no-cache","date":"Sun, 03 Oct 2021 16:14:21 GMT","cache-control":"no-cache, no-store, max-age=0, must-revalidate","expires":"Mon, 01 Jan 1990 00:00:00 GMT","content-type":"application/json; charset=utf-8","vary":"X-Origin, Referer, Origin,Accept-Encoding","server":"scaffolding on HTTPServer2","x-xss-protection":"0","x-frame-options":"SAMEORIGIN","x-content-type-options":"nosniff","alt-svc":"h3=\":443\"; ma=2592000,h3-29=\":443\"; ma=2592000,h3-T051=\":443\"; ma=2592000,h3-Q050=\":443\"; ma=2592000,h3-Q046=\":443\"; ma=2592000,h3-Q043=\":443\"; ma=2592000,quic=\":443\"; ma=2592000; v=\"46,43\"","accept-ranges":"none","transfer-encoding":"chunked"}
[debug] [2021-10-03T16:14:21.965Z] >>> HTTP REQUEST POST https://cloudresourcemanager.googleapis.com/v1/projects/pimo-fe:testIamPermissions  
 {"permissions":["firebase.projects.get","firebasehosting.sites.update"]}
[debug] [2021-10-03T16:14:22.996Z] <<< HTTP RESPONSE 200 {"content-type":"application/json; charset=UTF-8","vary":"X-Origin, Referer, Origin,Accept-Encoding","date":"Sun, 03 Oct 2021 16:14:22 GMT","server":"ESF","cache-control":"private","x-xss-protection":"0","x-frame-options":"SAMEORIGIN","x-content-type-options":"nosniff","server-timing":"gfet4t7; dur=821","alt-svc":"h3=\":443\"; ma=2592000,h3-29=\":443\"; ma=2592000,h3-T051=\":443\"; ma=2592000,h3-Q050=\":443\"; ma=2592000,h3-Q046=\":443\"; ma=2592000,h3-Q043=\":443\"; ma=2592000,quic=\":443\"; ma=2592000; v=\"46,43\"","accept-ranges":"none","transfer-encoding":"chunked"}
[debug] [2021-10-03T16:14:22.998Z] > refreshing access token with scopes: []
[debug] [2021-10-03T16:14:22.998Z] >>> HTTP REQUEST POST https://www.googleapis.com/oauth2/v3/token  
 <request body omitted>
[debug] [2021-10-03T16:14:23.179Z] <<< HTTP RESPONSE 200 {"date":"Sun, 03 Oct 2021 16:14:22 GMT","pragma":"no-cache","cache-control":"no-cache, no-store, max-age=0, must-revalidate","expires":"Mon, 01 Jan 1990 00:00:00 GMT","content-type":"application/json; charset=utf-8","vary":"X-Origin, Referer, Origin,Accept-Encoding","server":"scaffolding on HTTPServer2","x-xss-protection":"0","x-frame-options":"SAMEORIGIN","x-content-type-options":"nosniff","alt-svc":"h3=\":443\"; ma=2592000,h3-29=\":443\"; ma=2592000,h3-T051=\":443\"; ma=2592000,h3-Q050=\":443\"; ma=2592000,h3-Q046=\":443\"; ma=2592000,h3-Q043=\":443\"; ma=2592000,quic=\":443\"; ma=2592000; v=\"46,43\"","accept-ranges":"none","transfer-encoding":"chunked"}
[debug] [2021-10-03T16:14:23.193Z] >>> [apiv2][query] GET https://firebase.googleapis.com/v1beta1/projects/pimo-fe [none]
[debug] [2021-10-03T16:14:23.708Z] <<< [apiv2][status] GET https://firebase.googleapis.com/v1beta1/projects/pimo-fe 200
[debug] [2021-10-03T16:14:23.708Z] <<< [apiv2][body] GET https://firebase.googleapis.com/v1beta1/projects/pimo-fe {"projectId":"pimo-fe","projectNumber":"753296754497","displayName":"PIMO-FE","name":"projects/pimo-fe","resources":{"hostingSite":"pimo-fe"},"state":"ACTIVE"}
[info] 
[info] === Deploying to 'pimo-fe'...
[info] 
[info] i  deploying hosting 
[debug] [2021-10-03T16:14:23.713Z] > refreshing access token with scopes: ["email","https://www.googleapis.com/auth/cloud-platform","https://www.googleapis.com/auth/cloudplatformprojects.readonly","https://www.googleapis.com/auth/firebase","openid"]
[debug] [2021-10-03T16:14:23.713Z] >>> HTTP REQUEST POST https://www.googleapis.com/oauth2/v3/token  
 <request body omitted>
[debug] [2021-10-03T16:14:23.906Z] <<< HTTP RESPONSE 200 {"date":"Sun, 03 Oct 2021 16:14:23 GMT","cache-control":"no-cache, no-store, max-age=0, must-revalidate","pragma":"no-cache","expires":"Mon, 01 Jan 1990 00:00:00 GMT","content-type":"application/json; charset=utf-8","vary":"X-Origin, Referer, Origin,Accept-Encoding","server":"scaffolding on HTTPServer2","x-xss-protection":"0","x-frame-options":"SAMEORIGIN","x-content-type-options":"nosniff","alt-svc":"h3=\":443\"; ma=2592000,h3-29=\":443\"; ma=2592000,h3-T051=\":443\"; ma=2592000,h3-Q050=\":443\"; ma=2592000,h3-Q046=\":443\"; ma=2592000,h3-Q043=\":443\"; ma=2592000,quic=\":443\"; ma=2592000; v=\"46,43\"","accept-ranges":"none","transfer-encoding":"chunked"}
[debug] [2021-10-03T16:14:23.916Z] >>> HTTP REQUEST POST https://firebasehosting.googleapis.com/v1beta1/sites/pimo-fe/versions  
 {"config":{"rewrites":[{"glob":"**","path":"/index.html"}]},"labels":{"deployment-tool":"cli-firebase"}}
[debug] [2021-10-03T16:14:25.371Z] <<< HTTP RESPONSE 200 {"content-type":"application/json; charset=UTF-8","vary":"X-Origin, Referer, Origin,Accept-Encoding","date":"Sun, 03 Oct 2021 16:14:24 GMT","server":"ESF","cache-control":"private","x-xss-protection":"0","x-frame-options":"SAMEORIGIN","x-content-type-options":"nosniff","alt-svc":"h3=\":443\"; ma=2592000,h3-29=\":443\"; ma=2592000,h3-T051=\":443\"; ma=2592000,h3-Q050=\":443\"; ma=2592000,h3-Q046=\":443\"; ma=2592000,h3-Q043=\":443\"; ma=2592000,quic=\":443\"; ma=2592000; v=\"46,43\"","accept-ranges":"none","transfer-encoding":"chunked"}
[info] i  hosting[pimo-fe]: beginning deploy... 
[info] i  hosting[pimo-fe]: found 29 files in build 
[debug] [2021-10-03T16:14:25.586Z] > refreshing access token with scopes: []
[debug] [2021-10-03T16:14:25.586Z] >>> HTTP REQUEST POST https://www.googleapis.com/oauth2/v3/token  
 <request body omitted>
[debug] [2021-10-03T16:14:25.587Z] [hosting] hash cache [YnVpbGQ] stored for 29 files
[debug] [2021-10-03T16:14:25.587Z] [hosting][hash queue][FINAL] {"max":197,"min":15,"avg":40.93103448275862,"active":0,"complete":29,"success":29,"errored":0,"retried":0,"total":29,"elapsed":202}
[debug] [2021-10-03T16:14:25.812Z] <<< HTTP RESPONSE 200 {"expires":"Mon, 01 Jan 1990 00:00:00 GMT","pragma":"no-cache","date":"Sun, 03 Oct 2021 16:14:25 GMT","cache-control":"no-cache, no-store, max-age=0, must-revalidate","content-type":"application/json; charset=utf-8","vary":"X-Origin, Referer, Origin,Accept-Encoding","server":"scaffolding on HTTPServer2","x-xss-protection":"0","x-frame-options":"SAMEORIGIN","x-content-type-options":"nosniff","alt-svc":"h3=\":443\"; ma=2592000,h3-29=\":443\"; ma=2592000,h3-T051=\":443\"; ma=2592000,h3-Q050=\":443\"; ma=2592000,h3-Q046=\":443\"; ma=2592000,h3-Q043=\":443\"; ma=2592000,quic=\":443\"; ma=2592000; v=\"46,43\"","accept-ranges":"none","transfer-encoding":"chunked"}
[debug] [2021-10-03T16:14:25.835Z] >>> [apiv2][query] POST https://firebasehosting.googleapis.com/v1beta1/sites/pimo-fe/versions/6f516c57f9bf016b:populateFiles [none]
[debug] [2021-10-03T16:14:25.835Z] >>> [apiv2][body] POST https://firebasehosting.googleapis.com/v1beta1/sites/pimo-fe/versions/6f516c57f9bf016b:populateFiles {"files":{"/index.html":"dbdc2dca504beba7ddc80b83b17d6b79a4e1d4bf75125b5a36025f5314abb6ff","/static/css/main.2956ee20.chunk.css":"2e8dc1993d6c5b0df2d5cc01961d781682a1cdad9f38c2e47f7b8936dd95e75e","/static/css/main.2956ee20.chunk.css.map":"4bee68c0314a048b68dffd12f8e49012b7af5b593ccc21c8e0a974029b297e29","/asset-manifest.json":"3c5fab16fa38927a13f50233a3a5ff0cce36c9e638b663f713a0cf9ca91a178d","/static/js/2.921565dd.chunk.js.LICENSE.txt":"f7aa38a4bf0bd88e48555f0907d0ad968daa89f13a9176491149107fa02ab331","/static/js/runtime-main.442d7264.js":"007efb3fb306557f7414421486c75b59fbeb406a2e9784f4166a77cd4ac6ced5","/static/js/runtime-main.442d7264.js.map":"85a4c53f7b3698b74c4cbfe70d02fce364422a9b25692ed55ec22fa3babb48a0","/static/js/main.722de8fc.chunk.js":"ad320c038d0233374f2a794925393bc4d45b27725352e321879ba8310c7ca57d","/model-removebg-preview.png":"7cd5e64c9b32393d2181a5449aa4ded5134c84792b897e18d41ad0ed7ce27562","/icon.png":"40e44f7fb5c9f74a33b6502828dc4dcacfb6655321f497121cdd6e0c274225b9","/static/media/logo.94e39f52.png":"c361382485b13a80fd24d4b8fbeed33ffe6c1afc8671bec0f004a889fd5a890f","/model.jpg":"aee2ef57389f9dd695c2d6dd5de582c1f0aeb72548c0daf375bec50981ba89dc","/static/media/ios.f58f06c3.jpg":"a13ccb76301e78fdba1a1d2a55856f6f6f36e8cd18dda411fe36cecf836da01c","/icon1.png":"a795ddd9eda605c5a7881b2ed0d225f2bed8f84e421c7f2a5b3e7a8f21413762","/static/js/main.722de8fc.chunk.js.map":"76a2371bd43e86db77c9f4369f6d9e8107775704d1fdec024308feac1bad834b","/static/media/background1.532103a7.jpg":"ea07ca82f59b3afe9ccfa02f89c9eb0ea1694c03fa6134eabdf9ef79c3a7936e","/static/media/qr3.7859ca6d.png":"3dd66920912753a3ea4f840c82d78de2c4ddf76c52aa04c63c7b8df53bebea89","/static/media/logoBrand.a3d73bfb.png":"b2a73728c7c7d6b07b14308da0e1749293a6e8f5547946d84878db00b6e85cc3","/static/media/phone.3814e3e8.jpg":"1c7d856441924e5fab8d649b299708985f0f98d670881b314cd67d601fcd6088","/static/media/macbook.af5506c0.png":"00f41c621a8f383f2bdfab87626cd83251b45654081bb646cf94040ba35dc8ca","/static/media/download.b4d49bd6.png":"959b4022367bc2da60a7ac484f7532d79e491de08e698eb7abdcb54489f76980","/static/media/background1.09d07967.png":"f8e4ae7212b9afe20dbe16285da6cfb194ac43760a8c56f3947350d8565c1e88","/model.png":"31d6c278116f9230279b1a177293167b5bdc60cc7569abd2a88cd72456de96f9","/static/media/laptop.48ff7dc2.jpg":"9f17ce7b514e3de25cdbf504e41b7dca5916ce80b138098ea41de55d42d3bc2b","/static/media/android.4402d80a.png":"30a337e81d4da72ced09975bc5bc64f8d3b462406259eaf2573912a4215fa739","/static/media/ios.2c15345a.png":"1e12bff4c6049498648a451e5579f799941ef2e7d2a48c4d884916c24a83e989","/static/js/2.921565dd.chunk.js":"e3dad0ffc8d35c1c0a5253e4050873fba66447b1f9e3356c5d4a9487c6894f07","/static/media/phone.cd405955.png":"bfa9c758f2a02aeab06919faaa2d4235730745de717306dda6feba774af01047","/static/js/2.921565dd.chunk.js.map":"3d972e093a093769e1412849812abea9b1d09609fdb1172480ed40fac21d111d"}}
[debug] [2021-10-03T16:14:27.154Z] <<< [apiv2][status] POST https://firebasehosting.googleapis.com/v1beta1/sites/pimo-fe/versions/6f516c57f9bf016b:populateFiles 200
[debug] [2021-10-03T16:14:27.154Z] <<< [apiv2][body] POST https://firebasehosting.googleapis.com/v1beta1/sites/pimo-fe/versions/6f516c57f9bf016b:populateFiles {"uploadRequiredHashes":["e3dad0ffc8d35c1c0a5253e4050873fba66447b1f9e3356c5d4a9487c6894f07","3d972e093a093769e1412849812abea9b1d09609fdb1172480ed40fac21d111d","76a2371bd43e86db77c9f4369f6d9e8107775704d1fdec024308feac1bad834b","959b4022367bc2da60a7ac484f7532d79e491de08e698eb7abdcb54489f76980","ad320c038d0233374f2a794925393bc4d45b27725352e321879ba8310c7ca57d","dbdc2dca504beba7ddc80b83b17d6b79a4e1d4bf75125b5a36025f5314abb6ff","ea07ca82f59b3afe9ccfa02f89c9eb0ea1694c03fa6134eabdf9ef79c3a7936e","3c5fab16fa38927a13f50233a3a5ff0cce36c9e638b663f713a0cf9ca91a178d"],"uploadUrl":"https://upload-firebasehosting.googleapis.com/upload/sites/pimo-fe/versions/6f516c57f9bf016b/files"}
[debug] [2021-10-03T16:14:27.156Z] >>> [apiv2][query] POST https://upload-firebasehosting.googleapis.com/upload/sites/pimo-fe/versions/6f516c57f9bf016b/files/e3dad0ffc8d35c1c0a5253e4050873fba66447b1f9e3356c5d4a9487c6894f07 [none]
[debug] [2021-10-03T16:14:27.156Z] >>> [apiv2][body] POST https://upload-firebasehosting.googleapis.com/upload/sites/pimo-fe/versions/6f516c57f9bf016b/files/e3dad0ffc8d35c1c0a5253e4050873fba66447b1f9e3356c5d4a9487c6894f07 [stream]
[debug] [2021-10-03T16:14:27.158Z] >>> [apiv2][query] POST https://upload-firebasehosting.googleapis.com/upload/sites/pimo-fe/versions/6f516c57f9bf016b/files/3d972e093a093769e1412849812abea9b1d09609fdb1172480ed40fac21d111d [none]
[debug] [2021-10-03T16:14:27.158Z] >>> [apiv2][body] POST https://upload-firebasehosting.googleapis.com/upload/sites/pimo-fe/versions/6f516c57f9bf016b/files/3d972e093a093769e1412849812abea9b1d09609fdb1172480ed40fac21d111d [stream]
[debug] [2021-10-03T16:14:27.159Z] >>> [apiv2][query] POST https://upload-firebasehosting.googleapis.com/upload/sites/pimo-fe/versions/6f516c57f9bf016b/files/76a2371bd43e86db77c9f4369f6d9e8107775704d1fdec024308feac1bad834b [none]
[debug] [2021-10-03T16:14:27.159Z] >>> [apiv2][body] POST https://upload-firebasehosting.googleapis.com/upload/sites/pimo-fe/versions/6f516c57f9bf016b/files/76a2371bd43e86db77c9f4369f6d9e8107775704d1fdec024308feac1bad834b [stream]
[debug] [2021-10-03T16:14:27.160Z] >>> [apiv2][query] POST https://upload-firebasehosting.googleapis.com/upload/sites/pimo-fe/versions/6f516c57f9bf016b/files/959b4022367bc2da60a7ac484f7532d79e491de08e698eb7abdcb54489f76980 [none]
[debug] [2021-10-03T16:14:27.160Z] >>> [apiv2][body] POST https://upload-firebasehosting.googleapis.com/upload/sites/pimo-fe/versions/6f516c57f9bf016b/files/959b4022367bc2da60a7ac484f7532d79e491de08e698eb7abdcb54489f76980 [stream]
[debug] [2021-10-03T16:14:27.161Z] >>> [apiv2][query] POST https://upload-firebasehosting.googleapis.com/upload/sites/pimo-fe/versions/6f516c57f9bf016b/files/ad320c038d0233374f2a794925393bc4d45b27725352e321879ba8310c7ca57d [none]
[debug] [2021-10-03T16:14:27.161Z] >>> [apiv2][body] POST https://upload-firebasehosting.googleapis.com/upload/sites/pimo-fe/versions/6f516c57f9bf016b/files/ad320c038d0233374f2a794925393bc4d45b27725352e321879ba8310c7ca57d [stream]
[debug] [2021-10-03T16:14:27.162Z] >>> [apiv2][query] POST https://upload-firebasehosting.googleapis.com/upload/sites/pimo-fe/versions/6f516c57f9bf016b/files/dbdc2dca504beba7ddc80b83b17d6b79a4e1d4bf75125b5a36025f5314abb6ff [none]
[debug] [2021-10-03T16:14:27.162Z] >>> [apiv2][body] POST https://upload-firebasehosting.googleapis.com/upload/sites/pimo-fe/versions/6f516c57f9bf016b/files/dbdc2dca504beba7ddc80b83b17d6b79a4e1d4bf75125b5a36025f5314abb6ff [stream]
[debug] [2021-10-03T16:14:27.163Z] >>> [apiv2][query] POST https://upload-firebasehosting.googleapis.com/upload/sites/pimo-fe/versions/6f516c57f9bf016b/files/ea07ca82f59b3afe9ccfa02f89c9eb0ea1694c03fa6134eabdf9ef79c3a7936e [none]
[debug] [2021-10-03T16:14:27.163Z] >>> [apiv2][body] POST https://upload-firebasehosting.googleapis.com/upload/sites/pimo-fe/versions/6f516c57f9bf016b/files/ea07ca82f59b3afe9ccfa02f89c9eb0ea1694c03fa6134eabdf9ef79c3a7936e [stream]
[debug] [2021-10-03T16:14:27.164Z] >>> [apiv2][query] POST https://upload-firebasehosting.googleapis.com/upload/sites/pimo-fe/versions/6f516c57f9bf016b/files/3c5fab16fa38927a13f50233a3a5ff0cce36c9e638b663f713a0cf9ca91a178d [none]
[debug] [2021-10-03T16:14:27.164Z] >>> [apiv2][body] POST https://upload-firebasehosting.googleapis.com/upload/sites/pimo-fe/versions/6f516c57f9bf016b/files/3c5fab16fa38927a13f50233a3a5ff0cce36c9e638b663f713a0cf9ca91a178d [stream]
[debug] [2021-10-03T16:14:27.165Z] [hosting][populate queue][FINAL] {"max":1571,"min":1571,"avg":1571,"active":0,"complete":1,"success":1,"errored":0,"retried":0,"total":1,"elapsed":1580}
[debug] [2021-10-03T16:14:27.165Z] [hosting] uploads queued: 8
[debug] [2021-10-03T16:14:29.021Z] <<< [apiv2][status] POST https://upload-firebasehosting.googleapis.com/upload/sites/pimo-fe/versions/6f516c57f9bf016b/files/ea07ca82f59b3afe9ccfa02f89c9eb0ea1694c03fa6134eabdf9ef79c3a7936e 200
[debug] [2021-10-03T16:14:29.021Z] <<< [apiv2][body] POST https://upload-firebasehosting.googleapis.com/upload/sites/pimo-fe/versions/6f516c57f9bf016b/files/ea07ca82f59b3afe9ccfa02f89c9eb0ea1694c03fa6134eabdf9ef79c3a7936e [stream]
[debug] [2021-10-03T16:14:29.118Z] <<< [apiv2][status] POST https://upload-firebasehosting.googleapis.com/upload/sites/pimo-fe/versions/6f516c57f9bf016b/files/dbdc2dca504beba7ddc80b83b17d6b79a4e1d4bf75125b5a36025f5314abb6ff 200
[debug] [2021-10-03T16:14:29.118Z] <<< [apiv2][body] POST https://upload-firebasehosting.googleapis.com/upload/sites/pimo-fe/versions/6f516c57f9bf016b/files/dbdc2dca504beba7ddc80b83b17d6b79a4e1d4bf75125b5a36025f5314abb6ff [stream]
[debug] [2021-10-03T16:14:29.145Z] <<< [apiv2][status] POST https://upload-firebasehosting.googleapis.com/upload/sites/pimo-fe/versions/6f516c57f9bf016b/files/ad320c038d0233374f2a794925393bc4d45b27725352e321879ba8310c7ca57d 200
[debug] [2021-10-03T16:14:29.145Z] <<< [apiv2][body] POST https://upload-firebasehosting.googleapis.com/upload/sites/pimo-fe/versions/6f516c57f9bf016b/files/ad320c038d0233374f2a794925393bc4d45b27725352e321879ba8310c7ca57d [stream]
[debug] [2021-10-03T16:14:29.612Z] <<< [apiv2][status] POST https://upload-firebasehosting.googleapis.com/upload/sites/pimo-fe/versions/6f516c57f9bf016b/files/3c5fab16fa38927a13f50233a3a5ff0cce36c9e638b663f713a0cf9ca91a178d 200
[debug] [2021-10-03T16:14:29.612Z] <<< [apiv2][body] POST https://upload-firebasehosting.googleapis.com/upload/sites/pimo-fe/versions/6f516c57f9bf016b/files/3c5fab16fa38927a13f50233a3a5ff0cce36c9e638b663f713a0cf9ca91a178d [stream]
[debug] [2021-10-03T16:14:29.717Z] <<< [apiv2][status] POST https://upload-firebasehosting.googleapis.com/upload/sites/pimo-fe/versions/6f516c57f9bf016b/files/3d972e093a093769e1412849812abea9b1d09609fdb1172480ed40fac21d111d 200
[debug] [2021-10-03T16:14:29.717Z] <<< [apiv2][body] POST https://upload-firebasehosting.googleapis.com/upload/sites/pimo-fe/versions/6f516c57f9bf016b/files/3d972e093a093769e1412849812abea9b1d09609fdb1172480ed40fac21d111d [stream]
[debug] [2021-10-03T16:14:29.768Z] <<< [apiv2][status] POST https://upload-firebasehosting.googleapis.com/upload/sites/pimo-fe/versions/6f516c57f9bf016b/files/76a2371bd43e86db77c9f4369f6d9e8107775704d1fdec024308feac1bad834b 200
[debug] [2021-10-03T16:14:29.768Z] <<< [apiv2][body] POST https://upload-firebasehosting.googleapis.com/upload/sites/pimo-fe/versions/6f516c57f9bf016b/files/76a2371bd43e86db77c9f4369f6d9e8107775704d1fdec024308feac1bad834b [stream]
